<?xml version="1.0" encoding="UTF-8"?>
<!-- Generated by org.testng.reporters.JUnitReportReporter -->
<testsuite skipped="0" hostname="C02SF6TCFVH5" name="EBFS.EBFSTestCore.NewTest" tests="1" failures="0" timestamp="16 Oct 2017 17:05:19 GMT" time="17.688" errors="0">
  <testcase name="f" time="17.688" classname="EBFS.EBFSTestCore.NewTest"/>
</testsuite> <!-- EBFS.EBFSTestCore.NewTest -->
