<?xml version="1.0" encoding="UTF-8"?>
<!-- Generated by org.testng.reporters.JUnitReportReporter -->
<testsuite skipped="0" hostname="C02SF6TCFVH5" name="com.ebfs.testCases.Home_Page_Scenarios" tests="1" failures="0" timestamp="19 Oct 2017 16:44:24 GMT" time="6.029" errors="0">
  <testcase name="f" time="6.029" classname="com.ebfs.testCases.Home_Page_Scenarios"/>
</testsuite> <!-- com.ebfs.testCases.Home_Page_Scenarios -->
